<?xml version="1.0" encoding="UTF-8"?>
<!-- Generated by org.testng.reporters.JUnitReportReporter -->
<testsuite hostname="INLEN8520086893" failures="0" tests="5" name="PageFactory.SearchTest" time="45.885" errors="0" timestamp="2023-03-02T12:51:14 IST" skipped="0">
  <testcase classname="PageFactory.SearchTest" name="verification3" time="8.938"/>
  <system-out/>
  <testcase classname="PageFactory.SearchTest" name="verification2" time="7.676"/>
  <system-out/>
  <testcase classname="PageFactory.SearchTest" name="verification1" time="11.096"/>
  <system-out/>
  <testcase classname="PageFactory.SearchTest" name="verification4" time="10.447"/>
  <system-out/>
  <testcase classname="PageFactory.SearchTest" name="verification5" time="7.728"/>
  <system-out/>
</testsuite> <!-- PageFactory.SearchTest -->
