<?xml version="1.0" encoding="UTF-8"?>
<!-- Generated by org.testng.reporters.JUnitReportReporter -->
<testsuite hostname="INLEN8520086893" failures="0" tests="3" name="com.test.SearchTest" time="28.251" errors="0" timestamp="2023-03-02T11:45:41 IST" skipped="0">
  <testcase classname="com.test.SearchTest" name="verification1" time="12.529"/>
  <system-out/>
  <testcase classname="com.test.SearchTest" name="verification2" time="8.204"/>
  <system-out/>
  <testcase classname="com.test.SearchTest" name="verification3" time="7.518"/>
  <system-out/>
</testsuite> <!-- com.test.SearchTest -->
